Arguments: 
  /usr/local/bin/node /usr/local/bin/yarn run fmt

PATH: 
  /usr/local/bin:/System/Cryptexes/App/usr/bin:/usr/bin:/bin:/usr/sbin:/sbin:./node_modules/.bin

Yarn version: 
  1.22.19

Node version: 
  18.12.1

Platform: 
  darwin arm64

Trace: 
  SyntaxError: /Users/divx/fujii/BE/RailsMySQL/package.json: Unexpected string in JSON at position 57
      at JSON.parse (<anonymous>)
      at /usr/local/lib/node_modules/yarn/lib/cli.js:1629:59
      at Generator.next (<anonymous>)
      at step (/usr/local/lib/node_modules/yarn/lib/cli.js:310:30)
      at /usr/local/lib/node_modules/yarn/lib/cli.js:321:13

npm manifest: 
  {
    "devDependencies": {
      "prettier": "2.8.1"
    }
  }
    "scripts": {
      "fmt": "prettier --write src/**/*.tsx"
    },

yarn manifest: 
  No manifest

Lockfile: 
  # THIS IS AN AUTOGENERATED FILE. DO NOT EDIT THIS FILE DIRECTLY.
  # yarn lockfile v1
  
  
  prettier@2.8.1:
    version "2.8.1"
    resolved "https://registry.yarnpkg.com/prettier/-/prettier-2.8.1.tgz#4e1fd11c34e2421bc1da9aea9bd8127cd0a35efc"
    integrity sha512-lqGoSJBQNJidqCHE80vqZJHWHRFoNYsSpP9AjFhlhi9ODCJA541svILes/+/1GM3VaL/abZi7cpFzOpdR9UPKg==
